2026-04-20 15:07:39 INFO  TestCase:52 - Staring of all files 
2026-04-20 15:07:39 INFO  TestCase:58 - Now click the refister button
2026-04-20 15:07:40 INFO  TestCase:72 - now the filling of all files
2026-04-20 15:07:45 INFO  TestCase:91 - Checking the actual and expected 
2026-04-20 15:07:47 INFO  TestCase:52 - Staring of all files 
2026-04-20 15:07:47 INFO  TestCase:58 - Now click the refister button
2026-04-20 15:07:48 INFO  TestCase:52 - Staring of all files 
2026-04-20 15:07:48 INFO  TestCase:58 - Now click the refister button
2026-04-20 15:07:49 INFO  TestCase:72 - now the filling of all files
2026-04-20 15:07:50 INFO  TestCase:91 - Checking the actual and expected 
2026-04-20 15:07:52 INFO  TestCase:52 - Staring of all files 
2026-04-20 15:07:52 INFO  TestCase:58 - Now click the refister button
2026-04-20 15:07:53 INFO  TestCase:72 - now the filling of all files
2026-04-20 15:07:56 INFO  TestCase:91 - Checking the actual and expected 
2026-04-20 15:07:57 INFO  TestCase:52 - Staring of all files 
2026-04-20 15:07:59 INFO  TestCase:58 - Now click the refister button
2026-04-20 15:08:00 INFO  TestCase:52 - Staring of all files 
2026-04-20 15:08:00 INFO  TestCase:58 - Now click the refister button
2026-04-20 15:08:01 INFO  TestCase:72 - now the filling of all files
2026-04-20 15:53:53 INFO  TestCase:52 - Staring of all files 
2026-04-20 15:53:54 INFO  TestCase:58 - Now click the refister button
2026-04-20 15:53:55 INFO  TestCase:72 - now the filling of all files
2026-04-20 15:53:58 INFO  TestCase:91 - Checking the actual and expected 
2026-04-20 15:54:00 INFO  TestCase:52 - Staring of all files 
2026-04-20 15:54:00 INFO  TestCase:58 - Now click the refister button
2026-04-20 15:54:03 INFO  TestCase:52 - Staring of all files 
2026-04-20 15:54:04 INFO  TestCase:58 - Now click the refister button
2026-04-20 15:54:05 INFO  TestCase:72 - now the filling of all files
2026-04-20 15:54:07 INFO  TestCase:91 - Checking the actual and expected 
2026-04-20 15:54:09 INFO  TestCase:52 - Staring of all files 
2026-04-20 15:54:09 INFO  TestCase:58 - Now click the refister button
2026-04-20 15:54:10 INFO  TestCase:72 - now the filling of all files
2026-04-20 15:54:13 INFO  TestCase:91 - Checking the actual and expected 
2026-04-20 15:54:15 INFO  TestCase:52 - Staring of all files 
2026-04-20 15:54:16 INFO  TestCase:58 - Now click the refister button
2026-04-20 15:54:17 INFO  TestCase:52 - Staring of all files 
2026-04-20 15:54:17 INFO  TestCase:58 - Now click the refister button
2026-04-20 15:54:18 INFO  TestCase:72 - now the filling of all files
2026-04-20 15:54:35 INFO  TestCase:52 - Staring of all files 
2026-04-20 15:54:37 INFO  TestCase:58 - Now click the refister button
2026-04-20 15:54:38 INFO  TestCase:72 - now the filling of all files
2026-04-20 15:54:40 INFO  TestCase:91 - Checking the actual and expected 
2026-04-20 15:54:41 INFO  TestCase:52 - Staring of all files 
2026-04-20 15:54:42 INFO  TestCase:58 - Now click the refister button
2026-04-20 15:54:43 INFO  TestCase:52 - Staring of all files 
2026-04-20 15:54:44 INFO  TestCase:58 - Now click the refister button
2026-04-20 15:54:44 ERROR TestCase:113 - the test case failed 
2026-04-20 15:54:44 ERROR TestCase:113 - the test case failed 
2026-04-20 15:54:45 ERROR TestCase:113 - the test case failed 
2026-04-20 15:54:45 ERROR TestCase:113 - the test case failed 
2026-04-20 16:07:46 INFO  TestCase:52 - Staring of all files 
2026-04-20 16:07:47 INFO  TestCase:58 - Now click the refister button
2026-04-20 16:07:48 INFO  TestCase:72 - now the filling of all files
2026-04-20 16:07:50 INFO  TestCase:91 - Checking the actual and expected 
2026-04-20 16:07:52 INFO  TestCase:52 - Staring of all files 
2026-04-20 16:07:53 INFO  TestCase:58 - Now click the refister button
2026-04-20 16:07:54 INFO  TestCase:52 - Staring of all files 
2026-04-20 16:07:55 INFO  TestCase:58 - Now click the refister button
2026-04-20 16:07:55 INFO  TestCase:72 - now the filling of all files
2026-04-20 16:07:57 INFO  TestCase:91 - Checking the actual and expected 
2026-04-20 16:07:59 INFO  TestCase:52 - Staring of all files 
2026-04-20 16:08:00 INFO  TestCase:58 - Now click the refister button
2026-04-20 16:08:01 INFO  TestCase:72 - now the filling of all files
2026-04-20 16:09:34 WARN  OPCPackage:659 - Unable to call close() on a package that hasn't been fully opened yet
2026-04-20 16:47:26 INFO  TestCase:52 - Staring of all files 
2026-04-20 16:47:28 INFO  TestCase:58 - Now click the refister button
2026-04-20 16:47:29 INFO  TestCase:72 - now the filling of all files
2026-04-20 16:47:31 INFO  TestCase:91 - Checking the actual and expected 
2026-04-20 16:47:33 INFO  TestCase:52 - Staring of all files 
2026-04-20 16:47:34 INFO  TestCase:58 - Now click the refister button
2026-04-20 16:47:35 INFO  TestCase:52 - Staring of all files 
2026-04-20 16:47:36 INFO  TestCase:58 - Now click the refister button
2026-04-20 16:47:37 INFO  TestCase:72 - now the filling of all files
2026-04-20 16:51:00 INFO  TestCase:52 - Staring of all files 
2026-04-20 16:51:00 INFO  TestCase:52 - Staring of all files 
2026-04-20 16:51:01 INFO  TestCase:58 - Now click the refister button
2026-04-20 16:51:02 INFO  TestCase:58 - Now click the refister button
2026-04-20 16:51:03 INFO  TestCase:72 - now the filling of all files
2026-04-20 16:51:03 INFO  TestCase:72 - now the filling of all files
2026-04-20 16:51:06 INFO  TestCase:91 - Checking the actual and expected 
2026-04-20 16:51:06 INFO  TestCase:91 - Checking the actual and expected 
2026-04-20 16:51:07 ERROR ZipPartMarshaller:201 - Cannot create zip entry /xl/worksheets/_rels/sheet1.xml.rels
java.io.IOException: Stream Closed
	at java.base/java.io.FileOutputStream.writeBytes(Native Method)
	at java.base/java.io.FileOutputStream.write(FileOutputStream.java:367)
	at org.apache.commons.compress.archivers.zip.StreamCompressor$OutputStreamCompressor.writeOut(StreamCompressor.java:69)
	at org.apache.commons.compress.archivers.zip.StreamCompressor.writeCounted(StreamCompressor.java:317)
	at org.apache.commons.compress.archivers.zip.StreamCompressor.deflate(StreamCompressor.java:198)
	at org.apache.commons.compress.archivers.zip.StreamCompressor.flushDeflater(StreamCompressor.java:229)
	at org.apache.commons.compress.archivers.zip.ZipArchiveOutputStream.flushDeflater(ZipArchiveOutputStream.java:987)
	at org.apache.commons.compress.archivers.zip.ZipArchiveOutputStream.closeArchiveEntry(ZipArchiveOutputStream.java:589)
	at org.apache.poi.openxml4j.opc.internal.marshallers.ZipPartMarshaller.marshallRelationshipPart(ZipPartMarshaller.java:198)
	at org.apache.poi.openxml4j.opc.internal.marshallers.ZipPartMarshaller.marshall(ZipPartMarshaller.java:107)
	at org.apache.poi.openxml4j.opc.internal.MemoryPackagePart.save(MemoryPackagePart.java:116)
	at org.apache.poi.openxml4j.opc.internal.marshallers.DefaultMarshaller.marshall(DefaultMarshaller.java:46)
	at org.apache.poi.openxml4j.opc.ZipPackage.saveImpl(ZipPackage.java:704)
	at org.apache.poi.openxml4j.opc.OPCPackage.save(OPCPackage.java:1704)
	at org.apache.poi.ooxml.POIXMLDocument.write(POIXMLDocument.java:227)
	at ExcelUtilPack.ExcelUtil.setCellData(ExcelUtil.java:79)
	at TestCases.TestCase.runTest(TestCase.java:93)
	at java.base/jdk.internal.reflect.DirectMethodHandleAccessor.invoke(DirectMethodHandleAccessor.java:103)
	at java.base/java.lang.reflect.Method.invoke(Method.java:580)
	at org.testng.internal.invokers.MethodInvocationHelper.invokeMethod(MethodInvocationHelper.java:141)
	at org.testng.internal.invokers.TestInvoker.invokeMethod(TestInvoker.java:697)
	at org.testng.internal.invokers.TestInvoker.invokeTestMethod(TestInvoker.java:230)
	at org.testng.internal.invokers.MethodRunner.runInSequence(MethodRunner.java:63)
	at org.testng.internal.invokers.TestInvoker$MethodInvocationAgent.invoke(TestInvoker.java:1005)
	at org.testng.internal.invokers.TestInvoker.invokeTestMethods(TestInvoker.java:203)
	at org.testng.internal.invokers.TestMethodWorker.invokeTestMethods(TestMethodWorker.java:154)
	at org.testng.internal.invokers.TestMethodWorker.run(TestMethodWorker.java:134)
	at java.base/java.util.ArrayList.forEach(ArrayList.java:1596)
	at org.testng.TestRunner.privateRun(TestRunner.java:744)
	at org.testng.TestRunner.run(TestRunner.java:616)
	at org.testng.SuiteRunner.runTest(SuiteRunner.java:421)
	at org.testng.SuiteRunner$SuiteWorker.run(SuiteRunner.java:463)
	at org.testng.internal.thread.ThreadUtil.lambda$execute$0(ThreadUtil.java:64)
	at java.base/java.util.concurrent.FutureTask.run(FutureTask.java:317)
	at java.base/java.util.concurrent.ThreadPoolExecutor.runWorker(ThreadPoolExecutor.java:1144)
	at java.base/java.util.concurrent.ThreadPoolExecutor$Worker.run(ThreadPoolExecutor.java:642)
	at java.base/java.lang.Thread.run(Thread.java:1583)
2026-04-20 16:51:07 ERROR TestCase:113 - the test case failed 
2026-04-20 16:51:07 ERROR ZipPartMarshaller:98 - Cannot write: /xl/sharedStrings.xml: in ZIP
java.io.IOException: Stream Closed
	at java.base/java.io.FileOutputStream.writeBytes(Native Method)
	at java.base/java.io.FileOutputStream.write(FileOutputStream.java:367)
	at org.apache.commons.compress.archivers.zip.StreamCompressor$OutputStreamCompressor.writeOut(StreamCompressor.java:69)
	at org.apache.commons.compress.archivers.zip.StreamCompressor.writeCounted(StreamCompressor.java:317)
	at org.apache.commons.compress.archivers.zip.StreamCompressor.writeCounted(StreamCompressor.java:305)
	at org.apache.commons.compress.archivers.zip.ZipArchiveOutputStream.writeCounted(ZipArchiveOutputStream.java:1665)
	at org.apache.commons.compress.archivers.zip.ZipArchiveOutputStream.writeLocalFileHeader(ZipArchiveOutputStream.java:1719)
	at org.apache.commons.compress.archivers.zip.ZipArchiveOutputStream.putArchiveEntry(ZipArchiveOutputStream.java:1238)
	at org.apache.commons.compress.archivers.zip.ZipArchiveOutputStream.putArchiveEntry(ZipArchiveOutputStream.java:1181)
	at org.apache.poi.openxml4j.opc.internal.marshallers.ZipPartMarshaller.marshall(ZipPartMarshaller.java:89)
	at org.apache.poi.openxml4j.opc.internal.MemoryPackagePart.save(MemoryPackagePart.java:116)
	at org.apache.poi.openxml4j.opc.internal.marshallers.DefaultMarshaller.marshall(DefaultMarshaller.java:46)
	at org.apache.poi.openxml4j.opc.ZipPackage.saveImpl(ZipPackage.java:704)
	at org.apache.poi.openxml4j.opc.OPCPackage.save(OPCPackage.java:1704)
	at org.apache.poi.ooxml.POIXMLDocument.write(POIXMLDocument.java:227)
	at ExcelUtilPack.ExcelUtil.setCellData(ExcelUtil.java:79)
	at TestCases.TestCase.runTest(TestCase.java:115)
	at java.base/jdk.internal.reflect.DirectMethodHandleAccessor.invoke(DirectMethodHandleAccessor.java:103)
	at java.base/java.lang.reflect.Method.invoke(Method.java:580)
	at org.testng.internal.invokers.MethodInvocationHelper.invokeMethod(MethodInvocationHelper.java:141)
	at org.testng.internal.invokers.TestInvoker.invokeMethod(TestInvoker.java:697)
	at org.testng.internal.invokers.TestInvoker.invokeTestMethod(TestInvoker.java:230)
	at org.testng.internal.invokers.MethodRunner.runInSequence(MethodRunner.java:63)
	at org.testng.internal.invokers.TestInvoker$MethodInvocationAgent.invoke(TestInvoker.java:1005)
	at org.testng.internal.invokers.TestInvoker.invokeTestMethods(TestInvoker.java:203)
	at org.testng.internal.invokers.TestMethodWorker.invokeTestMethods(TestMethodWorker.java:154)
	at org.testng.internal.invokers.TestMethodWorker.run(TestMethodWorker.java:134)
	at java.base/java.util.ArrayList.forEach(ArrayList.java:1596)
	at org.testng.TestRunner.privateRun(TestRunner.java:744)
	at org.testng.TestRunner.run(TestRunner.java:616)
	at org.testng.SuiteRunner.runTest(SuiteRunner.java:421)
	at org.testng.SuiteRunner$SuiteWorker.run(SuiteRunner.java:463)
	at org.testng.internal.thread.ThreadUtil.lambda$execute$0(ThreadUtil.java:64)
	at java.base/java.util.concurrent.FutureTask.run(FutureTask.java:317)
	at java.base/java.util.concurrent.ThreadPoolExecutor.runWorker(ThreadPoolExecutor.java:1144)
	at java.base/java.util.concurrent.ThreadPoolExecutor$Worker.run(ThreadPoolExecutor.java:642)
	at java.base/java.lang.Thread.run(Thread.java:1583)
2026-04-20 16:51:09 INFO  TestCase:52 - Staring of all files 
2026-04-20 16:51:10 INFO  TestCase:52 - Staring of all files 
2026-04-20 16:51:10 INFO  TestCase:58 - Now click the refister button
2026-04-20 16:51:11 INFO  TestCase:58 - Now click the refister button
2026-04-20 16:51:12 INFO  TestCase:52 - Staring of all files 
2026-04-20 16:51:12 INFO  TestCase:52 - Staring of all files 
2026-04-20 16:51:13 INFO  TestCase:58 - Now click the refister button
2026-04-20 16:51:13 INFO  TestCase:58 - Now click the refister button
2026-04-20 16:51:14 INFO  TestCase:72 - now the filling of all files
2026-04-20 16:51:14 INFO  TestCase:72 - now the filling of all files
2026-04-20 16:54:57 WARN  OPCPackage:659 - Unable to call close() on a package that hasn't been fully opened yet
2026-04-20 16:55:23 WARN  OPCPackage:659 - Unable to call close() on a package that hasn't been fully opened yet
2026-04-20 16:55:46 WARN  OPCPackage:659 - Unable to call close() on a package that hasn't been fully opened yet
2026-04-20 16:59:40 WARN  OPCPackage:659 - Unable to call close() on a package that hasn't been fully opened yet
2026-04-20 17:02:03 INFO  TestCase:52 - Staring of all files 
2026-04-20 17:02:04 INFO  TestCase:58 - Now click the refister button
2026-04-20 17:02:05 INFO  TestCase:72 - now the filling of all files
2026-04-20 17:02:07 INFO  TestCase:91 - Checking the actual and expected 
2026-04-20 17:02:10 INFO  TestCase:52 - Staring of all files 
2026-04-20 17:02:10 ERROR TestCase:113 - the test case failed 
2026-04-20 17:02:11 INFO  TestCase:52 - Staring of all files 
2026-04-20 17:02:11 ERROR TestCase:113 - the test case failed 
2026-04-20 17:02:41 INFO  TestCase:52 - Staring of all files 
2026-04-20 17:02:41 INFO  TestCase:52 - Staring of all files 
2026-04-20 17:02:42 INFO  TestCase:58 - Now click the refister button
2026-04-20 17:02:42 INFO  TestCase:58 - Now click the refister button
2026-04-20 17:02:44 INFO  TestCase:72 - now the filling of all files
2026-04-20 17:02:44 INFO  TestCase:72 - now the filling of all files
2026-04-20 17:02:46 INFO  TestCase:91 - Checking the actual and expected 
2026-04-20 17:02:46 INFO  TestCase:91 - Checking the actual and expected 
2026-04-20 17:02:47 ERROR ZipPartMarshaller:201 - Cannot create zip entry /xl/worksheets/_rels/sheet1.xml.rels
java.io.IOException: Stream Closed
	at java.base/java.io.FileOutputStream.writeBytes(Native Method)
	at java.base/java.io.FileOutputStream.write(FileOutputStream.java:367)
	at org.apache.commons.compress.archivers.zip.StreamCompressor$OutputStreamCompressor.writeOut(StreamCompressor.java:69)
	at org.apache.commons.compress.archivers.zip.StreamCompressor.writeCounted(StreamCompressor.java:317)
	at org.apache.commons.compress.archivers.zip.StreamCompressor.writeCounted(StreamCompressor.java:305)
	at org.apache.commons.compress.archivers.zip.ZipArchiveOutputStream.writeCounted(ZipArchiveOutputStream.java:1665)
	at org.apache.commons.compress.archivers.zip.ZipArchiveOutputStream.writeLocalFileHeader(ZipArchiveOutputStream.java:1719)
	at org.apache.commons.compress.archivers.zip.ZipArchiveOutputStream.putArchiveEntry(ZipArchiveOutputStream.java:1238)
	at org.apache.commons.compress.archivers.zip.ZipArchiveOutputStream.putArchiveEntry(ZipArchiveOutputStream.java:1181)
	at org.apache.poi.openxml4j.opc.internal.marshallers.ZipPartMarshaller.marshallRelationshipPart(ZipPartMarshaller.java:194)
	at org.apache.poi.openxml4j.opc.internal.marshallers.ZipPartMarshaller.marshall(ZipPartMarshaller.java:107)
	at org.apache.poi.openxml4j.opc.internal.MemoryPackagePart.save(MemoryPackagePart.java:116)
	at org.apache.poi.openxml4j.opc.internal.marshallers.DefaultMarshaller.marshall(DefaultMarshaller.java:46)
	at org.apache.poi.openxml4j.opc.ZipPackage.saveImpl(ZipPackage.java:704)
	at org.apache.poi.openxml4j.opc.OPCPackage.save(OPCPackage.java:1704)
	at org.apache.poi.ooxml.POIXMLDocument.write(POIXMLDocument.java:227)
	at ExcelUtilPack.ExcelUtil.setCellData(ExcelUtil.java:79)
	at TestCases.TestCase.runTest(TestCase.java:97)
	at java.base/jdk.internal.reflect.DirectMethodHandleAccessor.invoke(DirectMethodHandleAccessor.java:103)
	at java.base/java.lang.reflect.Method.invoke(Method.java:580)
	at org.testng.internal.invokers.MethodInvocationHelper.invokeMethod(MethodInvocationHelper.java:141)
	at org.testng.internal.invokers.TestInvoker.invokeMethod(TestInvoker.java:697)
	at org.testng.internal.invokers.TestInvoker.invokeTestMethod(TestInvoker.java:230)
	at org.testng.internal.invokers.MethodRunner.runInSequence(MethodRunner.java:63)
	at org.testng.internal.invokers.TestInvoker$MethodInvocationAgent.invoke(TestInvoker.java:1005)
	at org.testng.internal.invokers.TestInvoker.invokeTestMethods(TestInvoker.java:203)
	at org.testng.internal.invokers.TestMethodWorker.invokeTestMethods(TestMethodWorker.java:154)
	at org.testng.internal.invokers.TestMethodWorker.run(TestMethodWorker.java:134)
	at java.base/java.util.ArrayList.forEach(ArrayList.java:1596)
	at org.testng.TestRunner.privateRun(TestRunner.java:744)
	at org.testng.TestRunner.run(TestRunner.java:616)
	at org.testng.SuiteRunner.runTest(SuiteRunner.java:421)
	at org.testng.SuiteRunner$SuiteWorker.run(SuiteRunner.java:463)
	at org.testng.internal.thread.ThreadUtil.lambda$execute$0(ThreadUtil.java:64)
	at java.base/java.util.concurrent.FutureTask.run$$$capture(FutureTask.java:317)
	at java.base/java.util.concurrent.FutureTask.run(FutureTask.java)
	at java.base/java.util.concurrent.ThreadPoolExecutor.runWorker(ThreadPoolExecutor.java:1144)
	at java.base/java.util.concurrent.ThreadPoolExecutor$Worker.run(ThreadPoolExecutor.java:642)
	at java.base/java.lang.Thread.run(Thread.java:1583)
2026-04-20 17:02:47 ERROR TestCase:113 - the test case failed 
2026-04-20 17:02:47 ERROR TestCase:113 - the test case failed 
2026-04-20 17:02:48 INFO  TestCase:52 - Staring of all files 
2026-04-20 17:02:48 INFO  TestCase:52 - Staring of all files 
2026-04-20 17:02:49 INFO  TestCase:58 - Now click the refister button
2026-04-20 17:02:49 INFO  TestCase:58 - Now click the refister button
2026-04-20 17:02:49 ERROR ZipPartMarshaller:201 - Cannot create zip entry /xl/worksheets/_rels/sheet1.xml.rels
java.io.IOException: Stream Closed
	at java.base/java.io.FileOutputStream.writeBytes(Native Method)
	at java.base/java.io.FileOutputStream.write(FileOutputStream.java:367)
	at org.apache.commons.compress.archivers.zip.StreamCompressor$OutputStreamCompressor.writeOut(StreamCompressor.java:69)
	at org.apache.commons.compress.archivers.zip.StreamCompressor.writeCounted(StreamCompressor.java:317)
	at org.apache.commons.compress.archivers.zip.StreamCompressor.deflate(StreamCompressor.java:198)
	at org.apache.commons.compress.archivers.zip.StreamCompressor.flushDeflater(StreamCompressor.java:229)
	at org.apache.commons.compress.archivers.zip.ZipArchiveOutputStream.flushDeflater(ZipArchiveOutputStream.java:987)
	at org.apache.commons.compress.archivers.zip.ZipArchiveOutputStream.closeArchiveEntry(ZipArchiveOutputStream.java:589)
	at org.apache.poi.openxml4j.opc.internal.marshallers.ZipPartMarshaller.marshallRelationshipPart(ZipPartMarshaller.java:198)
	at org.apache.poi.openxml4j.opc.internal.marshallers.ZipPartMarshaller.marshall(ZipPartMarshaller.java:107)
	at org.apache.poi.openxml4j.opc.internal.MemoryPackagePart.save(MemoryPackagePart.java:116)
	at org.apache.poi.openxml4j.opc.internal.marshallers.DefaultMarshaller.marshall(DefaultMarshaller.java:46)
	at org.apache.poi.openxml4j.opc.ZipPackage.saveImpl(ZipPackage.java:704)
	at org.apache.poi.openxml4j.opc.OPCPackage.save(OPCPackage.java:1704)
	at org.apache.poi.ooxml.POIXMLDocument.write(POIXMLDocument.java:227)
	at ExcelUtilPack.ExcelUtil.setCellData(ExcelUtil.java:79)
	at TestCases.TestCase.runTest(TestCase.java:62)
	at java.base/jdk.internal.reflect.DirectMethodHandleAccessor.invoke(DirectMethodHandleAccessor.java:103)
	at java.base/java.lang.reflect.Method.invoke(Method.java:580)
	at org.testng.internal.invokers.MethodInvocationHelper.invokeMethod(MethodInvocationHelper.java:141)
	at org.testng.internal.invokers.TestInvoker.invokeMethod(TestInvoker.java:697)
	at org.testng.internal.invokers.TestInvoker.invokeTestMethod(TestInvoker.java:230)
	at org.testng.internal.invokers.MethodRunner.runInSequence(MethodRunner.java:63)
	at org.testng.internal.invokers.TestInvoker$MethodInvocationAgent.invoke(TestInvoker.java:1005)
	at org.testng.internal.invokers.TestInvoker.invokeTestMethods(TestInvoker.java:203)
	at org.testng.internal.invokers.TestMethodWorker.invokeTestMethods(TestMethodWorker.java:154)
	at org.testng.internal.invokers.TestMethodWorker.run(TestMethodWorker.java:134)
	at java.base/java.util.ArrayList.forEach(ArrayList.java:1596)
	at org.testng.TestRunner.privateRun(TestRunner.java:744)
	at org.testng.TestRunner.run(TestRunner.java:616)
	at org.testng.SuiteRunner.runTest(SuiteRunner.java:421)
	at org.testng.SuiteRunner$SuiteWorker.run(SuiteRunner.java:463)
	at org.testng.internal.thread.ThreadUtil.lambda$execute$0(ThreadUtil.java:64)
	at java.base/java.util.concurrent.FutureTask.run$$$capture(FutureTask.java:317)
	at java.base/java.util.concurrent.FutureTask.run(FutureTask.java)
	at java.base/java.util.concurrent.ThreadPoolExecutor.runWorker(ThreadPoolExecutor.java:1144)
	at java.base/java.util.concurrent.ThreadPoolExecutor$Worker.run(ThreadPoolExecutor.java:642)
	at java.base/java.lang.Thread.run(Thread.java:1583)
2026-04-20 17:02:49 ERROR TestCase:113 - the test case failed 
2026-04-20 17:02:49 ERROR ZipPartMarshaller:201 - Cannot create zip entry /xl/_rels/workbook.xml.rels
java.io.IOException: Stream Closed
	at java.base/java.io.FileOutputStream.writeBytes(Native Method)
	at java.base/java.io.FileOutputStream.write(FileOutputStream.java:367)
	at org.apache.commons.compress.archivers.zip.StreamCompressor$OutputStreamCompressor.writeOut(StreamCompressor.java:69)
	at org.apache.commons.compress.archivers.zip.StreamCompressor.writeCounted(StreamCompressor.java:317)
	at org.apache.commons.compress.archivers.zip.StreamCompressor.deflate(StreamCompressor.java:198)
	at org.apache.commons.compress.archivers.zip.StreamCompressor.flushDeflater(StreamCompressor.java:229)
	at org.apache.commons.compress.archivers.zip.ZipArchiveOutputStream.flushDeflater(ZipArchiveOutputStream.java:987)
	at org.apache.commons.compress.archivers.zip.ZipArchiveOutputStream.closeArchiveEntry(ZipArchiveOutputStream.java:589)
	at org.apache.poi.openxml4j.opc.internal.marshallers.ZipPartMarshaller.marshallRelationshipPart(ZipPartMarshaller.java:198)
	at org.apache.poi.openxml4j.opc.internal.marshallers.ZipPartMarshaller.marshall(ZipPartMarshaller.java:107)
	at org.apache.poi.openxml4j.opc.internal.MemoryPackagePart.save(MemoryPackagePart.java:116)
	at org.apache.poi.openxml4j.opc.internal.marshallers.DefaultMarshaller.marshall(DefaultMarshaller.java:46)
	at org.apache.poi.openxml4j.opc.ZipPackage.saveImpl(ZipPackage.java:704)
	at org.apache.poi.openxml4j.opc.OPCPackage.save(OPCPackage.java:1704)
	at org.apache.poi.ooxml.POIXMLDocument.write(POIXMLDocument.java:227)
	at ExcelUtilPack.ExcelUtil.setCellData(ExcelUtil.java:79)
	at TestCases.TestCase.runTest(TestCase.java:115)
	at java.base/jdk.internal.reflect.DirectMethodHandleAccessor.invoke(DirectMethodHandleAccessor.java:103)
	at java.base/java.lang.reflect.Method.invoke(Method.java:580)
	at org.testng.internal.invokers.MethodInvocationHelper.invokeMethod(MethodInvocationHelper.java:141)
	at org.testng.internal.invokers.TestInvoker.invokeMethod(TestInvoker.java:697)
	at org.testng.internal.invokers.TestInvoker.invokeTestMethod(TestInvoker.java:230)
	at org.testng.internal.invokers.MethodRunner.runInSequence(MethodRunner.java:63)
	at org.testng.internal.invokers.TestInvoker$MethodInvocationAgent.invoke(TestInvoker.java:1005)
	at org.testng.internal.invokers.TestInvoker.invokeTestMethods(TestInvoker.java:203)
	at org.testng.internal.invokers.TestMethodWorker.invokeTestMethods(TestMethodWorker.java:154)
	at org.testng.internal.invokers.TestMethodWorker.run(TestMethodWorker.java:134)
	at java.base/java.util.ArrayList.forEach(ArrayList.java:1596)
	at org.testng.TestRunner.privateRun(TestRunner.java:744)
	at org.testng.TestRunner.run(TestRunner.java:616)
	at org.testng.SuiteRunner.runTest(SuiteRunner.java:421)
	at org.testng.SuiteRunner$SuiteWorker.run(SuiteRunner.java:463)
	at org.testng.internal.thread.ThreadUtil.lambda$execute$0(ThreadUtil.java:64)
	at java.base/java.util.concurrent.FutureTask.run$$$capture(FutureTask.java:317)
	at java.base/java.util.concurrent.FutureTask.run(FutureTask.java)
	at java.base/java.util.concurrent.ThreadPoolExecutor.runWorker(ThreadPoolExecutor.java:1144)
	at java.base/java.util.concurrent.ThreadPoolExecutor$Worker.run(ThreadPoolExecutor.java:642)
	at java.base/java.lang.Thread.run(Thread.java:1583)
2026-04-20 17:02:49 ERROR TestCase:113 - the test case failed 
2026-04-20 17:02:50 INFO  TestCase:52 - Staring of all files 
2026-04-20 17:02:50 INFO  TestCase:52 - Staring of all files 
2026-04-20 17:02:51 INFO  TestCase:58 - Now click the refister button
2026-04-20 17:02:51 INFO  TestCase:58 - Now click the refister button
2026-04-20 17:02:52 INFO  TestCase:72 - now the filling of all files
2026-04-20 17:02:52 INFO  TestCase:72 - now the filling of all files
2026-04-20 17:02:53 ERROR TestCase:113 - the test case failed 
2026-04-20 17:02:54 ERROR TestCase:113 - the test case failed 
2026-04-20 17:39:31 INFO  TestCase:52 - Staring of all files 
2026-04-20 17:39:31 INFO  TestCase:58 - Now click the refister button
2026-04-20 17:39:32 INFO  TestCase:72 - now the filling of all files
2026-04-20 17:39:33 INFO  TestCase:91 - Checking the actual and expected 
2026-04-20 17:39:34 INFO  TestCase:52 - Staring of all files 
2026-04-20 17:39:34 INFO  TestCase:58 - Now click the refister button
2026-04-20 17:39:35 INFO  TestCase:72 - now the filling of all files
2026-04-20 17:39:36 ERROR TestCase:113 - the test case failed 
2026-04-20 17:39:37 INFO  TestCase:52 - Staring of all files 
2026-04-20 17:39:38 INFO  TestCase:58 - Now click the refister button
2026-04-20 17:40:04 INFO  TestCase:52 - Staring of all files 
2026-04-20 17:40:06 INFO  TestCase:58 - Now click the refister button
2026-04-20 17:40:06 INFO  TestCase:72 - now the filling of all files
2026-04-20 17:40:15 INFO  TestCase:91 - Checking the actual and expected 
2026-04-20 17:40:16 INFO  TestCase:52 - Staring of all files 
2026-04-20 17:40:16 INFO  TestCase:58 - Now click the refister button
2026-04-20 17:40:17 INFO  TestCase:72 - now the filling of all files
2026-04-20 17:40:20 INFO  TestCase:91 - Checking the actual and expected 
2026-04-20 17:40:21 INFO  TestCase:52 - Staring of all files 
2026-04-20 17:40:22 INFO  TestCase:58 - Now click the refister button
2026-04-20 17:42:11 INFO  TestCase:52 - Staring of all files 
2026-04-20 17:42:12 INFO  TestCase:58 - Now click the refister button
2026-04-20 17:42:12 INFO  TestCase:72 - now the filling of all files
2026-04-20 17:42:14 INFO  TestCase:91 - Checking the actual and expected 
2026-04-20 17:42:16 INFO  TestCase:52 - Staring of all files 
2026-04-20 17:42:16 INFO  TestCase:58 - Now click the refister button
2026-04-20 17:42:17 INFO  TestCase:72 - now the filling of all files
2026-04-20 17:42:19 INFO  TestCase:91 - Checking the actual and expected 
2026-04-20 17:42:20 INFO  TestCase:52 - Staring of all files 
2026-04-20 17:42:21 INFO  TestCase:58 - Now click the refister button
2026-04-20 17:47:35 INFO  TestCase:52 - Staring of all files 
2026-04-20 17:47:36 INFO  TestCase:58 - Now click the refister button
2026-04-20 17:47:36 INFO  TestCase:72 - now the filling of all files
2026-04-20 17:47:38 INFO  TestCase:91 - Checking the actual and expected 
2026-04-20 17:47:39 INFO  TestCase:52 - Staring of all files 
2026-04-20 17:47:40 INFO  TestCase:58 - Now click the refister button
2026-04-20 17:47:40 INFO  TestCase:72 - now the filling of all files
2026-04-20 17:47:42 INFO  TestCase:52 - Staring of all files 
2026-04-20 17:47:42 INFO  TestCase:58 - Now click the refister button
2026-04-20 18:12:22 INFO  TestCase:52 - Staring of all files 
2026-04-20 18:12:23 INFO  TestCase:58 - Now click the refister button
2026-04-20 18:12:24 INFO  TestCase:72 - now the filling of all files
2026-04-20 18:12:25 INFO  TestCase:91 - Checking the actual and expected 
2026-04-20 18:12:28 INFO  TestCase:52 - Staring of all files 
2026-04-20 18:12:28 INFO  TestCase:58 - Now click the refister button
2026-04-20 18:12:29 INFO  TestCase:72 - now the filling of all files
2026-04-20 18:12:32 INFO  TestCase:52 - Staring of all files 
2026-04-20 18:12:32 INFO  TestCase:58 - Now click the refister button
